Determining if the pthread_create exist failed with the following output:
Change Dir: /home/sergei/Desktop/client/cmake-build-debug/CMakeFiles/CMakeTmp

Run Build Command(s):/usr/bin/make cmTC_a48a8/fast 
/usr/bin/make -f CMakeFiles/cmTC_a48a8.dir/build.make CMakeFiles/cmTC_a48a8.dir/build
make[1]: вход в каталог «/home/sergei/Desktop/client/cmake-build-debug/CMakeFiles/CMakeTmp»
Building C object CMakeFiles/cmTC_a48a8.dir/CheckSymbolExists.c.o
/usr/bin/cc    -o CMakeFiles/cmTC_a48a8.dir/CheckSymbolExists.c.o   -c /home/sergei/Desktop/client/cmake-build-debug/CMakeFiles/CMakeTmp/CheckSymbolExists.c
Linking C executable cmTC_a48a8
/home/sergei/Desktop/clion-2019.2.1/bin/cmake/linux/bin/cmake -E cmake_link_script CMakeFiles/cmTC_a48a8.dir/link.txt --verbose=1
/usr/bin/cc      CMakeFiles/cmTC_a48a8.dir/CheckSymbolExists.c.o  -o cmTC_a48a8 
CMakeFiles/cmTC_a48a8.dir/CheckSymbolExists.c.o: In function `main':
CheckSymbolExists.c:(.text+0x16): undefined reference to `pthread_create'
collect2: error: ld returned 1 exit status
CMakeFiles/cmTC_a48a8.dir/build.make:86: ошибка выполнения рецепта для цели «cmTC_a48a8»
make[1]: *** [cmTC_a48a8] Ошибка 1
make[1]: выход из каталога «/home/sergei/Desktop/client/cmake-build-debug/CMakeFiles/CMakeTmp»
Makefile:121: ошибка выполнения рецепта для цели «cmTC_a48a8/fast»
make: *** [cmTC_a48a8/fast] Ошибка 2

File /home/sergei/Desktop/client/cmake-build-debug/CMakeFiles/CMakeTmp/CheckSymbolExists.c:
/* */
#include <pthread.h>

int main(int argc, char** argv)
{
  (void)argv;
#ifndef pthread_create
  return ((int*)(&pthread_create))[argc];
#else
  (void)argc;
  return 0;
#endif
}

Determining if the function pthread_create exists in the pthreads failed with the following output:
Change Dir: /home/sergei/Desktop/client/cmake-build-debug/CMakeFiles/CMakeTmp

Run Build Command(s):/usr/bin/make cmTC_4f25c/fast 
/usr/bin/make -f CMakeFiles/cmTC_4f25c.dir/build.make CMakeFiles/cmTC_4f25c.dir/build
make[1]: вход в каталог «/home/sergei/Desktop/client/cmake-build-debug/CMakeFiles/CMakeTmp»
Building C object CMakeFiles/cmTC_4f25c.dir/CheckFunctionExists.c.o
/usr/bin/cc   -DCHECK_FUNCTION_EXISTS=pthread_create   -o CMakeFiles/cmTC_4f25c.dir/CheckFunctionExists.c.o   -c /home/sergei/Desktop/clion-2019.2.1/bin/cmake/linux/share/cmake-3.14/Modules/CheckFunctionExists.c
Linking C executable cmTC_4f25c
/home/sergei/Desktop/clion-2019.2.1/bin/cmake/linux/bin/cmake -E cmake_link_script CMakeFiles/cmTC_4f25c.dir/link.txt --verbose=1
/usr/bin/cc  -DCHECK_FUNCTION_EXISTS=pthread_create    CMakeFiles/cmTC_4f25c.dir/CheckFunctionExists.c.o  -o cmTC_4f25c -lpthreads 
/usr/bin/ld: cannot find -lpthreads
collect2: error: ld returned 1 exit status
CMakeFiles/cmTC_4f25c.dir/build.make:86: ошибка выполнения рецепта для цели «cmTC_4f25c»
make[1]: *** [cmTC_4f25c] Ошибка 1
make[1]: выход из каталога «/home/sergei/Desktop/client/cmake-build-debug/CMakeFiles/CMakeTmp»
Makefile:121: ошибка выполнения рецепта для цели «cmTC_4f25c/fast»
make: *** [cmTC_4f25c/fast] Ошибка 2


